--- Cambios en la carpeta D:\Programacion\Python (2023-05-20 17:20:00) ---
Archivo modificado: D:\Programacion\Python\cambios.log (2023-05-20 17:20:00)
Archivo modificado: D:\Programacion\Python\script.py (2023-05-20 17:18:56)
Carpeta modificada: D:\Programacion\Python\Antivirus (2023-05-16 13:50:00)
Carpeta modificada: D:\Programacion\Python\Buscador (2023-05-16 13:50:00)
Carpeta modificada: D:\Programacion\Python\Calendario (2023-05-16 13:50:00)
Carpeta modificada: D:\Programacion\Python\Captura (2023-05-16 13:50:00)
Carpeta modificada: D:\Programacion\Python\Descargar (2023-05-16 13:50:00)
Carpeta modificada: D:\Programacion\Python\Enter (2023-05-16 13:50:00)
Carpeta modificada: D:\Programacion\Python\FTP (2023-05-16 13:50:01)
Carpeta modificada: D:\Programacion\Python\Gestor de Archivos (2023-05-16 13:50:01)
Carpeta modificada: D:\Programacion\Python\Hashbox (2023-05-16 13:50:01)
Carpeta modificada: D:\Programacion\Python\Mysql (2023-05-16 13:50:01)
Carpeta modificada: D:\Programacion\Python\Network (2023-05-16 13:50:02)
Carpeta modificada: D:\Programacion\Python\Notificacion (2023-05-16 13:50:13)
Carpeta modificada: D:\Programacion\Python\Password Generator (2023-05-16 13:50:13)
Carpeta modificada: D:\Programacion\Python\Registro (2023-05-16 13:50:13)
Carpeta modificada: D:\Programacion\Python\Samba (2023-05-16 13:50:14)
Carpeta modificada: D:\Programacion\Python\Sandboxed (2023-05-16 13:50:17)
Carpeta modificada: D:\Programacion\Python\Separador (2023-05-16 13:50:14)
Carpeta modificada: D:\Programacion\Python\Shutdown (2023-05-16 13:50:15)
Carpeta modificada: D:\Programacion\Python\Test Internet (2023-05-16 13:50:15)
Carpeta modificada: D:\Programacion\Python\Ventana (2023-05-16 13:50:15)
Carpeta modificada: D:\Programacion\Python\xd (2023-05-20 16:20:47)
Archivo modificado: D:\Programacion\Python\Antivirus\antivirus.py (2023-04-05 15:10:45)
Archivo modificado: D:\Programacion\Python\Antivirus\antivirus2.py (2023-03-25 21:40:24)
Archivo modificado: D:\Programacion\Python\Antivirus\antivirus3.py (2023-03-25 21:41:10)
Carpeta modificada: D:\Programacion\Python\Antivirus\Prueba (2023-05-16 13:50:00)
Archivo modificado: D:\Programacion\Python\Antivirus\Prueba\archivo.txt (2023-03-25 21:39:38)
Archivo modificado: D:\Programacion\Python\Antivirus\Prueba\archivo2.txt (2023-03-25 21:41:31)
Archivo modificado: D:\Programacion\Python\Antivirus\Prueba\archivo3.txt (2023-03-25 21:41:28)
Archivo modificado: D:\Programacion\Python\Buscador\buscador.py (2023-04-05 19:39:35)
Archivo modificado: D:\Programacion\Python\Calendario\calendario.py (2023-03-25 18:38:32)
Archivo modificado: D:\Programacion\Python\Captura\captura.py (2023-04-29 10:33:23)
Archivo modificado: D:\Programacion\Python\Descargar\download.py (2023-04-02 23:03:03)
Archivo modificado: D:\Programacion\Python\Enter\enter.py (2023-04-28 23:35:49)
Archivo modificado: D:\Programacion\Python\FTP\descarga.py (2023-03-18 23:14:24)
Archivo modificado: D:\Programacion\Python\FTP\directorios.py (2023-03-18 23:20:24)
Archivo modificado: D:\Programacion\Python\FTP\requirements.txt (2023-03-11 15:06:40)
Archivo modificado: D:\Programacion\Python\FTP\subida.py (2023-03-18 23:21:27)
Archivo modificado: D:\Programacion\Python\Gestor de Archivos\gestor.py (2023-03-26 17:04:32)
Archivo modificado: D:\Programacion\Python\Hashbox\hash.py (2023-04-27 21:38:29)
Archivo modificado: D:\Programacion\Python\Mysql\conexion.py (2023-03-18 23:10:45)
Archivo modificado: D:\Programacion\Python\Mysql\requirements.txt (2023-03-11 15:04:14)
Archivo modificado: D:\Programacion\Python\Network\scan.py (2023-03-20 08:23:37)
Archivo modificado: D:\Programacion\Python\Notificacion\icon.png (2023-03-19 13:25:02)
Archivo modificado: D:\Programacion\Python\Notificacion\notify.bat (2023-03-19 14:50:17)
Archivo modificado: D:\Programacion\Python\Notificacion\notify.py (2023-04-07 17:06:42)
Carpeta modificada: D:\Programacion\Python\Notificacion\build (2023-05-16 13:50:04)
Carpeta modificada: D:\Programacion\Python\Notificacion\dist (2023-05-16 13:50:13)
Carpeta modificada: D:\Programacion\Python\Notificacion\build\notify (2023-05-16 13:50:04)
Archivo modificado: D:\Programacion\Python\Notificacion\build\notify\Analysis-00.toc (2023-03-19 14:49:45)
Archivo modificado: D:\Programacion\Python\Notificacion\build\notify\base_library.zip (2023-03-19 14:49:43)
Archivo modificado: D:\Programacion\Python\Notificacion\build\notify\COLLECT-00.toc (2023-03-19 14:49:46)
Archivo modificado: D:\Programacion\Python\Notificacion\build\notify\EXE-00.toc (2023-03-19 14:49:46)
Archivo modificado: D:\Programacion\Python\Notificacion\build\notify\notify.exe (2023-03-19 14:49:46)
Archivo modificado: D:\Programacion\Python\Notificacion\build\notify\notify.exe.manifest (2023-03-19 14:49:46)
Archivo modificado: D:\Programacion\Python\Notificacion\build\notify\notify.pkg (2023-03-19 14:49:46)
Archivo modificado: D:\Programacion\Python\Notificacion\build\notify\PKG-00.toc (2023-03-19 14:49:46)
Archivo modificado: D:\Programacion\Python\Notificacion\build\notify\PYZ-00.pyz (2023-03-19 14:49:46)
Archivo modificado: D:\Programacion\Python\Notificacion\build\notify\PYZ-00.toc (2023-03-19 14:49:46)
Archivo modificado: D:\Programacion\Python\Notificacion\build\notify\warn-notify.txt (2023-03-19 14:49:45)
Archivo modificado: D:\Programacion\Python\Notificacion\build\notify\xref-notify.html (2023-03-19 14:49:45)
Carpeta modificada: D:\Programacion\Python\Notificacion\build\notify\localpycs (2023-05-16 13:50:03)
Archivo modificado: D:\Programacion\Python\Notificacion\build\notify\localpycs\pyimod01_archive.pyc (2023-03-19 14:49:45)
Archivo modificado: D:\Programacion\Python\Notificacion\build\notify\localpycs\pyimod02_importers.pyc (2023-03-19 14:49:45)
Archivo modificado: D:\Programacion\Python\Notificacion\build\notify\localpycs\pyimod03_ctypes.pyc (2023-03-19 14:49:45)
Archivo modificado: D:\Programacion\Python\Notificacion\build\notify\localpycs\pyimod04_pywin32.pyc (2023-03-19 14:49:45)
Archivo modificado: D:\Programacion\Python\Notificacion\build\notify\localpycs\struct.pyc (2023-03-19 14:49:45)
Carpeta modificada: D:\Programacion\Python\Notificacion\dist\notify (2023-05-16 13:50:13)
Archivo modificado: D:\Programacion\Python\Notificacion\dist\notify\api-ms-win-core-console-l1-1-0.dll (2023-03-19 13:27:13)
Archivo modificado: D:\Programacion\Python\Notificacion\dist\notify\api-ms-win-core-datetime-l1-1-0.dll (2023-03-19 13:27:13)
Archivo modificado: D:\Programacion\Python\Notificacion\dist\notify\api-ms-win-core-debug-l1-1-0.dll (2023-03-19 13:27:13)
Archivo modificado: D:\Programacion\Python\Notificacion\dist\notify\api-ms-win-core-errorhandling-l1-1-0.dll (2023-03-19 13:27:12)
Archivo modificado: D:\Programacion\Python\Notificacion\dist\notify\api-ms-win-core-file-l1-1-0.dll (2023-03-19 13:27:13)
Archivo modificado: D:\Programacion\Python\Notificacion\dist\notify\api-ms-win-core-file-l1-2-0.dll (2023-03-19 13:27:13)
Archivo modificado: D:\Programacion\Python\Notificacion\dist\notify\api-ms-win-core-file-l2-1-0.dll (2023-03-19 13:27:12)
Archivo modificado: D:\Programacion\Python\Notificacion\dist\notify\api-ms-win-core-handle-l1-1-0.dll (2023-03-19 13:27:13)
Archivo modificado: D:\Programacion\Python\Notificacion\dist\notify\api-ms-win-core-heap-l1-1-0.dll (2023-03-19 13:27:13)
Archivo modificado: D:\Programacion\Python\Notificacion\dist\notify\api-ms-win-core-interlocked-l1-1-0.dll (2023-03-19 13:27:13)
Archivo modificado: D:\Programacion\Python\Notificacion\dist\notify\api-ms-win-core-libraryloader-l1-1-0.dll (2023-03-19 13:27:13)
Archivo modificado: D:\Programacion\Python\Notificacion\dist\notify\api-ms-win-core-localization-l1-2-0.dll (2023-03-19 13:27:13)
Archivo modificado: D:\Programacion\Python\Notificacion\dist\notify\api-ms-win-core-memory-l1-1-0.dll (2023-03-19 13:27:12)
Archivo modificado: D:\Programacion\Python\Notificacion\dist\notify\api-ms-win-core-namedpipe-l1-1-0.dll (2023-03-19 13:27:13)
Archivo modificado: D:\Programacion\Python\Notificacion\dist\notify\api-ms-win-core-processenvironment-l1-1-0.dll (2023-03-19 13:27:12)
Archivo modificado: D:\Programacion\Python\Notificacion\dist\notify\api-ms-win-core-processthreads-l1-1-0.dll (2023-03-19 13:27:13)
Archivo modificado: D:\Programacion\Python\Notificacion\dist\notify\api-ms-win-core-processthreads-l1-1-1.dll (2023-03-19 13:27:13)
Archivo modificado: D:\Programacion\Python\Notificacion\dist\notify\api-ms-win-core-profile-l1-1-0.dll (2023-03-19 13:27:13)
Archivo modificado: D:\Programacion\Python\Notificacion\dist\notify\api-ms-win-core-rtlsupport-l1-1-0.dll (2023-03-19 13:27:13)
Archivo modificado: D:\Programacion\Python\Notificacion\dist\notify\api-ms-win-core-string-l1-1-0.dll (2023-03-19 13:27:12)
Archivo modificado: D:\Programacion\Python\Notificacion\dist\notify\api-ms-win-core-synch-l1-1-0.dll (2023-03-19 13:27:13)
Archivo modificado: D:\Programacion\Python\Notificacion\dist\notify\api-ms-win-core-synch-l1-2-0.dll (2023-03-19 13:27:13)
Archivo modificado: D:\Programacion\Python\Notificacion\dist\notify\api-ms-win-core-sysinfo-l1-1-0.dll (2023-03-19 13:27:13)
Archivo modificado: D:\Programacion\Python\Notificacion\dist\notify\api-ms-win-core-timezone-l1-1-0.dll (2023-03-19 13:27:12)
Archivo modificado: D:\Programacion\Python\Notificacion\dist\notify\api-ms-win-core-util-l1-1-0.dll (2023-03-19 13:27:13)
Archivo modificado: D:\Programacion\Python\Notificacion\dist\notify\api-ms-win-crt-conio-l1-1-0.dll (2023-03-19 13:27:12)
Archivo modificado: D:\Programacion\Python\Notificacion\dist\notify\api-ms-win-crt-convert-l1-1-0.dll (2023-03-19 13:27:12)
Archivo modificado: D:\Programacion\Python\Notificacion\dist\notify\api-ms-win-crt-environment-l1-1-0.dll (2023-03-19 13:27:12)
Archivo modificado: D:\Programacion\Python\Notificacion\dist\notify\api-ms-win-crt-filesystem-l1-1-0.dll (2023-03-19 13:27:12)
Archivo modificado: D:\Programacion\Python\Notificacion\dist\notify\api-ms-win-crt-heap-l1-1-0.dll (2023-03-19 13:27:12)
Archivo modificado: D:\Programacion\Python\Notificacion\dist\notify\api-ms-win-crt-locale-l1-1-0.dll (2023-03-19 13:27:12)
Archivo modificado: D:\Programacion\Python\Notificacion\dist\notify\api-ms-win-crt-math-l1-1-0.dll (2023-03-19 13:27:12)
Archivo modificado: D:\Programacion\Python\Notificacion\dist\notify\api-ms-win-crt-process-l1-1-0.dll (2023-03-19 13:27:12)
Archivo modificado: D:\Programacion\Python\Notificacion\dist\notify\api-ms-win-crt-runtime-l1-1-0.dll (2023-03-19 13:27:12)
Archivo modificado: D:\Programacion\Python\Notificacion\dist\notify\api-ms-win-crt-stdio-l1-1-0.dll (2023-03-19 13:27:12)
Archivo modificado: D:\Programacion\Python\Notificacion\dist\notify\api-ms-win-crt-string-l1-1-0.dll (2023-03-19 13:27:12)
Archivo modificado: D:\Programacion\Python\Notificacion\dist\notify\api-ms-win-crt-time-l1-1-0.dll (2023-03-19 13:27:12)
Archivo modificado: D:\Programacion\Python\Notificacion\dist\notify\api-ms-win-crt-utility-l1-1-0.dll (2023-03-19 13:27:13)
Archivo modificado: D:\Programacion\Python\Notificacion\dist\notify\base_library.zip (2023-03-19 14:49:43)
Archivo modificado: D:\Programacion\Python\Notificacion\dist\notify\libcrypto-1_1.dll (2023-03-19 13:27:13)
Archivo modificado: D:\Programacion\Python\Notificacion\dist\notify\libssl-1_1.dll (2023-03-19 13:27:13)
Archivo modificado: D:\Programacion\Python\Notificacion\dist\notify\notify.exe (2023-03-19 14:49:46)
Archivo modificado: D:\Programacion\Python\Notificacion\dist\notify\pyexpat.pyd (2023-03-19 13:27:13)
Archivo modificado: D:\Programacion\Python\Notificacion\dist\notify\python37.dll (2023-03-19 13:27:12)
Archivo modificado: D:\Programacion\Python\Notificacion\dist\notify\select.pyd (2023-03-19 13:27:13)
Archivo modificado: D:\Programacion\Python\Notificacion\dist\notify\ucrtbase.dll (2023-03-19 13:27:12)
Archivo modificado: D:\Programacion\Python\Notificacion\dist\notify\unicodedata.pyd (2023-03-19 13:27:13)
Archivo modificado: D:\Programacion\Python\Notificacion\dist\notify\VCRUNTIME140.dll (2023-03-19 13:27:12)
Archivo modificado: D:\Programacion\Python\Notificacion\dist\notify\win32console.pyd (2023-03-19 14:49:46)
Archivo modificado: D:\Programacion\Python\Notificacion\dist\notify\win32gui.pyd (2023-03-19 14:49:46)
Archivo modificado: D:\Programacion\Python\Notificacion\dist\notify\_bz2.pyd (2023-03-19 13:27:13)
Archivo modificado: D:\Programacion\Python\Notificacion\dist\notify\_ctypes.pyd (2023-03-19 13:27:13)
Archivo modificado: D:\Programacion\Python\Notificacion\dist\notify\_decimal.pyd (2023-03-19 13:27:13)
Archivo modificado: D:\Programacion\Python\Notificacion\dist\notify\_hashlib.pyd (2023-03-19 13:27:13)
Archivo modificado: D:\Programacion\Python\Notificacion\dist\notify\_lzma.pyd (2023-03-19 13:27:13)
Archivo modificado: D:\Programacion\Python\Notificacion\dist\notify\_multiprocessing.pyd (2023-03-19 13:27:13)
Archivo modificado: D:\Programacion\Python\Notificacion\dist\notify\_queue.pyd (2023-03-19 13:27:13)
Archivo modificado: D:\Programacion\Python\Notificacion\dist\notify\_socket.pyd (2023-03-19 13:27:13)
Archivo modificado: D:\Programacion\Python\Notificacion\dist\notify\_ssl.pyd (2023-03-19 13:27:13)
Carpeta modificada: D:\Programacion\Python\Notificacion\dist\notify\pywin32_system32 (2023-05-16 13:50:13)
Archivo modificado: D:\Programacion\Python\Notificacion\dist\notify\pywin32_system32\pywintypes37.dll (2023-03-19 14:49:46)
Archivo modificado: D:\Programacion\Python\Password Generator\clave.key (2023-04-01 19:32:16)
Archivo modificado: D:\Programacion\Python\Password Generator\Password.py (2023-04-05 19:39:47)
Archivo modificado: D:\Programacion\Python\Password Generator\Password2.py (2023-04-05 19:39:52)
Archivo modificado: D:\Programacion\Python\Registro\Readme.md (2023-05-10 22:33:48)
Archivo modificado: D:\Programacion\Python\Registro\registro.log (2023-04-26 23:16:02)
Archivo modificado: D:\Programacion\Python\Registro\regitro.py (2023-04-27 15:12:55)
Archivo modificado: D:\Programacion\Python\Samba\enumeración.py (2023-03-25 23:13:22)
Archivo modificado: D:\Programacion\Python\Sandboxed\hash.txt (2023-04-26 21:42:52)
Archivo modificado: D:\Programacion\Python\Sandboxed\sandbox.py (2023-04-29 15:29:42)
Archivo modificado: D:\Programacion\Python\Sandboxed\setup.sh (2023-04-29 09:56:43)
Carpeta modificada: D:\Programacion\Python\Sandboxed\Resultados (2023-05-16 13:50:00)
Carpeta modificada: D:\Programacion\Python\Sandboxed\Resultados\PDF (2023-05-16 13:50:00)
Archivo modificado: D:\Programacion\Python\Separador\separador.py (2023-04-10 21:38:13)
Archivo modificado: D:\Programacion\Python\Separador\separador2.py (2023-05-14 23:11:32)
Archivo modificado: D:\Programacion\Python\Separador\USO.txt (2022-03-20 02:11:16)
Archivo modificado: D:\Programacion\Python\Shutdown\Leeme.txt (2023-02-25 20:33:13)
Archivo modificado: D:\Programacion\Python\Shutdown\shutdown.py (2023-02-26 12:48:51)
Archivo modificado: D:\Programacion\Python\Test Internet\test.py (2023-04-03 15:27:04)
Archivo modificado: D:\Programacion\Python\Ventana\ventana.py (2023-03-05 13:07:23)

--- Cambios en la carpeta D:\Programacion\Python (2023-05-20 17:20:42) ---
Archivo modificado: D:\Programacion\Python\cambios.log (2023-05-20 17:20:00)
Archivo modificado: D:\Programacion\Python\script.py (2023-05-20 17:18:56)
Carpeta modificada: D:\Programacion\Python\Antivirus (2023-05-16 13:50:00)
Carpeta modificada: D:\Programacion\Python\Buscador (2023-05-16 13:50:00)
Carpeta modificada: D:\Programacion\Python\Calendario (2023-05-16 13:50:00)
Carpeta modificada: D:\Programacion\Python\Captura (2023-05-16 13:50:00)
Carpeta modificada: D:\Programacion\Python\Descargar (2023-05-16 13:50:00)
Carpeta modificada: D:\Programacion\Python\Enter (2023-05-16 13:50:00)
Carpeta modificada: D:\Programacion\Python\FTP (2023-05-16 13:50:01)
Carpeta modificada: D:\Programacion\Python\Gestor de Archivos (2023-05-16 13:50:01)
Carpeta modificada: D:\Programacion\Python\Hashbox (2023-05-16 13:50:01)
Carpeta modificada: D:\Programacion\Python\Mysql (2023-05-16 13:50:01)
Carpeta modificada: D:\Programacion\Python\Network (2023-05-16 13:50:02)
Carpeta modificada: D:\Programacion\Python\Notificacion (2023-05-16 13:50:13)
Carpeta modificada: D:\Programacion\Python\Password Generator (2023-05-16 13:50:13)
Carpeta modificada: D:\Programacion\Python\Registro (2023-05-16 13:50:13)
Carpeta modificada: D:\Programacion\Python\Samba (2023-05-16 13:50:14)
Carpeta modificada: D:\Programacion\Python\Sandboxed (2023-05-16 13:50:17)
Carpeta modificada: D:\Programacion\Python\Separador (2023-05-16 13:50:14)
Carpeta modificada: D:\Programacion\Python\Shutdown (2023-05-16 13:50:15)
Carpeta modificada: D:\Programacion\Python\Test Internet (2023-05-16 13:50:15)
Carpeta modificada: D:\Programacion\Python\Ventana (2023-05-16 13:50:15)
Archivo modificado: D:\Programacion\Python\Antivirus\antivirus.py (2023-04-05 15:10:45)
Archivo modificado: D:\Programacion\Python\Antivirus\antivirus2.py (2023-03-25 21:40:24)
Archivo modificado: D:\Programacion\Python\Antivirus\antivirus3.py (2023-03-25 21:41:10)
Carpeta modificada: D:\Programacion\Python\Antivirus\Prueba (2023-05-16 13:50:00)
Archivo modificado: D:\Programacion\Python\Antivirus\Prueba\archivo.txt (2023-03-25 21:39:38)
Archivo modificado: D:\Programacion\Python\Antivirus\Prueba\archivo2.txt (2023-03-25 21:41:31)
Archivo modificado: D:\Programacion\Python\Antivirus\Prueba\archivo3.txt (2023-03-25 21:41:28)
Archivo modificado: D:\Programacion\Python\Buscador\buscador.py (2023-04-05 19:39:35)
Archivo modificado: D:\Programacion\Python\Calendario\calendario.py (2023-03-25 18:38:32)
Archivo modificado: D:\Programacion\Python\Captura\captura.py (2023-04-29 10:33:23)
Archivo modificado: D:\Programacion\Python\Descargar\download.py (2023-04-02 23:03:03)
Archivo modificado: D:\Programacion\Python\Enter\enter.py (2023-04-28 23:35:49)
Archivo modificado: D:\Programacion\Python\FTP\descarga.py (2023-03-18 23:14:24)
Archivo modificado: D:\Programacion\Python\FTP\directorios.py (2023-03-18 23:20:24)
Archivo modificado: D:\Programacion\Python\FTP\requirements.txt (2023-03-11 15:06:40)
Archivo modificado: D:\Programacion\Python\FTP\subida.py (2023-03-18 23:21:27)
Archivo modificado: D:\Programacion\Python\Gestor de Archivos\gestor.py (2023-03-26 17:04:32)
Archivo modificado: D:\Programacion\Python\Hashbox\hash.py (2023-04-27 21:38:29)
Archivo modificado: D:\Programacion\Python\Mysql\conexion.py (2023-03-18 23:10:45)
Archivo modificado: D:\Programacion\Python\Mysql\requirements.txt (2023-03-11 15:04:14)
Archivo modificado: D:\Programacion\Python\Network\scan.py (2023-03-20 08:23:37)
Archivo modificado: D:\Programacion\Python\Notificacion\icon.png (2023-03-19 13:25:02)
Archivo modificado: D:\Programacion\Python\Notificacion\notify.bat (2023-03-19 14:50:17)
Archivo modificado: D:\Programacion\Python\Notificacion\notify.py (2023-04-07 17:06:42)
Carpeta modificada: D:\Programacion\Python\Notificacion\build (2023-05-16 13:50:04)
Carpeta modificada: D:\Programacion\Python\Notificacion\dist (2023-05-16 13:50:13)
Carpeta modificada: D:\Programacion\Python\Notificacion\build\notify (2023-05-16 13:50:04)
Archivo modificado: D:\Programacion\Python\Notificacion\build\notify\Analysis-00.toc (2023-03-19 14:49:45)
Archivo modificado: D:\Programacion\Python\Notificacion\build\notify\base_library.zip (2023-03-19 14:49:43)
Archivo modificado: D:\Programacion\Python\Notificacion\build\notify\COLLECT-00.toc (2023-03-19 14:49:46)
Archivo modificado: D:\Programacion\Python\Notificacion\build\notify\EXE-00.toc (2023-03-19 14:49:46)
Archivo modificado: D:\Programacion\Python\Notificacion\build\notify\notify.exe (2023-03-19 14:49:46)
Archivo modificado: D:\Programacion\Python\Notificacion\build\notify\notify.exe.manifest (2023-03-19 14:49:46)
Archivo modificado: D:\Programacion\Python\Notificacion\build\notify\notify.pkg (2023-03-19 14:49:46)
Archivo modificado: D:\Programacion\Python\Notificacion\build\notify\PKG-00.toc (2023-03-19 14:49:46)
Archivo modificado: D:\Programacion\Python\Notificacion\build\notify\PYZ-00.pyz (2023-03-19 14:49:46)
Archivo modificado: D:\Programacion\Python\Notificacion\build\notify\PYZ-00.toc (2023-03-19 14:49:46)
Archivo modificado: D:\Programacion\Python\Notificacion\build\notify\warn-notify.txt (2023-03-19 14:49:45)
Archivo modificado: D:\Programacion\Python\Notificacion\build\notify\xref-notify.html (2023-03-19 14:49:45)
Carpeta modificada: D:\Programacion\Python\Notificacion\build\notify\localpycs (2023-05-16 13:50:03)
Archivo modificado: D:\Programacion\Python\Notificacion\build\notify\localpycs\pyimod01_archive.pyc (2023-03-19 14:49:45)
Archivo modificado: D:\Programacion\Python\Notificacion\build\notify\localpycs\pyimod02_importers.pyc (2023-03-19 14:49:45)
Archivo modificado: D:\Programacion\Python\Notificacion\build\notify\localpycs\pyimod03_ctypes.pyc (2023-03-19 14:49:45)
Archivo modificado: D:\Programacion\Python\Notificacion\build\notify\localpycs\pyimod04_pywin32.pyc (2023-03-19 14:49:45)
Archivo modificado: D:\Programacion\Python\Notificacion\build\notify\localpycs\struct.pyc (2023-03-19 14:49:45)
Carpeta modificada: D:\Programacion\Python\Notificacion\dist\notify (2023-05-16 13:50:13)
Archivo modificado: D:\Programacion\Python\Notificacion\dist\notify\api-ms-win-core-console-l1-1-0.dll (2023-03-19 13:27:13)
Archivo modificado: D:\Programacion\Python\Notificacion\dist\notify\api-ms-win-core-datetime-l1-1-0.dll (2023-03-19 13:27:13)
Archivo modificado: D:\Programacion\Python\Notificacion\dist\notify\api-ms-win-core-debug-l1-1-0.dll (2023-03-19 13:27:13)
Archivo modificado: D:\Programacion\Python\Notificacion\dist\notify\api-ms-win-core-errorhandling-l1-1-0.dll (2023-03-19 13:27:12)
Archivo modificado: D:\Programacion\Python\Notificacion\dist\notify\api-ms-win-core-file-l1-1-0.dll (2023-03-19 13:27:13)
Archivo modificado: D:\Programacion\Python\Notificacion\dist\notify\api-ms-win-core-file-l1-2-0.dll (2023-03-19 13:27:13)
Archivo modificado: D:\Programacion\Python\Notificacion\dist\notify\api-ms-win-core-file-l2-1-0.dll (2023-03-19 13:27:12)
Archivo modificado: D:\Programacion\Python\Notificacion\dist\notify\api-ms-win-core-handle-l1-1-0.dll (2023-03-19 13:27:13)
Archivo modificado: D:\Programacion\Python\Notificacion\dist\notify\api-ms-win-core-heap-l1-1-0.dll (2023-03-19 13:27:13)
Archivo modificado: D:\Programacion\Python\Notificacion\dist\notify\api-ms-win-core-interlocked-l1-1-0.dll (2023-03-19 13:27:13)
Archivo modificado: D:\Programacion\Python\Notificacion\dist\notify\api-ms-win-core-libraryloader-l1-1-0.dll (2023-03-19 13:27:13)
Archivo modificado: D:\Programacion\Python\Notificacion\dist\notify\api-ms-win-core-localization-l1-2-0.dll (2023-03-19 13:27:13)
Archivo modificado: D:\Programacion\Python\Notificacion\dist\notify\api-ms-win-core-memory-l1-1-0.dll (2023-03-19 13:27:12)
Archivo modificado: D:\Programacion\Python\Notificacion\dist\notify\api-ms-win-core-namedpipe-l1-1-0.dll (2023-03-19 13:27:13)
Archivo modificado: D:\Programacion\Python\Notificacion\dist\notify\api-ms-win-core-processenvironment-l1-1-0.dll (2023-03-19 13:27:12)
Archivo modificado: D:\Programacion\Python\Notificacion\dist\notify\api-ms-win-core-processthreads-l1-1-0.dll (2023-03-19 13:27:13)
Archivo modificado: D:\Programacion\Python\Notificacion\dist\notify\api-ms-win-core-processthreads-l1-1-1.dll (2023-03-19 13:27:13)
Archivo modificado: D:\Programacion\Python\Notificacion\dist\notify\api-ms-win-core-profile-l1-1-0.dll (2023-03-19 13:27:13)
Archivo modificado: D:\Programacion\Python\Notificacion\dist\notify\api-ms-win-core-rtlsupport-l1-1-0.dll (2023-03-19 13:27:13)
Archivo modificado: D:\Programacion\Python\Notificacion\dist\notify\api-ms-win-core-string-l1-1-0.dll (2023-03-19 13:27:12)
Archivo modificado: D:\Programacion\Python\Notificacion\dist\notify\api-ms-win-core-synch-l1-1-0.dll (2023-03-19 13:27:13)
Archivo modificado: D:\Programacion\Python\Notificacion\dist\notify\api-ms-win-core-synch-l1-2-0.dll (2023-03-19 13:27:13)
Archivo modificado: D:\Programacion\Python\Notificacion\dist\notify\api-ms-win-core-sysinfo-l1-1-0.dll (2023-03-19 13:27:13)
Archivo modificado: D:\Programacion\Python\Notificacion\dist\notify\api-ms-win-core-timezone-l1-1-0.dll (2023-03-19 13:27:12)
Archivo modificado: D:\Programacion\Python\Notificacion\dist\notify\api-ms-win-core-util-l1-1-0.dll (2023-03-19 13:27:13)
Archivo modificado: D:\Programacion\Python\Notificacion\dist\notify\api-ms-win-crt-conio-l1-1-0.dll (2023-03-19 13:27:12)
Archivo modificado: D:\Programacion\Python\Notificacion\dist\notify\api-ms-win-crt-convert-l1-1-0.dll (2023-03-19 13:27:12)
Archivo modificado: D:\Programacion\Python\Notificacion\dist\notify\api-ms-win-crt-environment-l1-1-0.dll (2023-03-19 13:27:12)
Archivo modificado: D:\Programacion\Python\Notificacion\dist\notify\api-ms-win-crt-filesystem-l1-1-0.dll (2023-03-19 13:27:12)
Archivo modificado: D:\Programacion\Python\Notificacion\dist\notify\api-ms-win-crt-heap-l1-1-0.dll (2023-03-19 13:27:12)
Archivo modificado: D:\Programacion\Python\Notificacion\dist\notify\api-ms-win-crt-locale-l1-1-0.dll (2023-03-19 13:27:12)
Archivo modificado: D:\Programacion\Python\Notificacion\dist\notify\api-ms-win-crt-math-l1-1-0.dll (2023-03-19 13:27:12)
Archivo modificado: D:\Programacion\Python\Notificacion\dist\notify\api-ms-win-crt-process-l1-1-0.dll (2023-03-19 13:27:12)
Archivo modificado: D:\Programacion\Python\Notificacion\dist\notify\api-ms-win-crt-runtime-l1-1-0.dll (2023-03-19 13:27:12)
Archivo modificado: D:\Programacion\Python\Notificacion\dist\notify\api-ms-win-crt-stdio-l1-1-0.dll (2023-03-19 13:27:12)
Archivo modificado: D:\Programacion\Python\Notificacion\dist\notify\api-ms-win-crt-string-l1-1-0.dll (2023-03-19 13:27:12)
Archivo modificado: D:\Programacion\Python\Notificacion\dist\notify\api-ms-win-crt-time-l1-1-0.dll (2023-03-19 13:27:12)
Archivo modificado: D:\Programacion\Python\Notificacion\dist\notify\api-ms-win-crt-utility-l1-1-0.dll (2023-03-19 13:27:13)
Archivo modificado: D:\Programacion\Python\Notificacion\dist\notify\base_library.zip (2023-03-19 14:49:43)
Archivo modificado: D:\Programacion\Python\Notificacion\dist\notify\libcrypto-1_1.dll (2023-03-19 13:27:13)
Archivo modificado: D:\Programacion\Python\Notificacion\dist\notify\libssl-1_1.dll (2023-03-19 13:27:13)
Archivo modificado: D:\Programacion\Python\Notificacion\dist\notify\notify.exe (2023-03-19 14:49:46)
Archivo modificado: D:\Programacion\Python\Notificacion\dist\notify\pyexpat.pyd (2023-03-19 13:27:13)
Archivo modificado: D:\Programacion\Python\Notificacion\dist\notify\python37.dll (2023-03-19 13:27:12)
Archivo modificado: D:\Programacion\Python\Notificacion\dist\notify\select.pyd (2023-03-19 13:27:13)
Archivo modificado: D:\Programacion\Python\Notificacion\dist\notify\ucrtbase.dll (2023-03-19 13:27:12)
Archivo modificado: D:\Programacion\Python\Notificacion\dist\notify\unicodedata.pyd (2023-03-19 13:27:13)
Archivo modificado: D:\Programacion\Python\Notificacion\dist\notify\VCRUNTIME140.dll (2023-03-19 13:27:12)
Archivo modificado: D:\Programacion\Python\Notificacion\dist\notify\win32console.pyd (2023-03-19 14:49:46)
Archivo modificado: D:\Programacion\Python\Notificacion\dist\notify\win32gui.pyd (2023-03-19 14:49:46)
Archivo modificado: D:\Programacion\Python\Notificacion\dist\notify\_bz2.pyd (2023-03-19 13:27:13)
Archivo modificado: D:\Programacion\Python\Notificacion\dist\notify\_ctypes.pyd (2023-03-19 13:27:13)
Archivo modificado: D:\Programacion\Python\Notificacion\dist\notify\_decimal.pyd (2023-03-19 13:27:13)
Archivo modificado: D:\Programacion\Python\Notificacion\dist\notify\_hashlib.pyd (2023-03-19 13:27:13)
Archivo modificado: D:\Programacion\Python\Notificacion\dist\notify\_lzma.pyd (2023-03-19 13:27:13)
Archivo modificado: D:\Programacion\Python\Notificacion\dist\notify\_multiprocessing.pyd (2023-03-19 13:27:13)
Archivo modificado: D:\Programacion\Python\Notificacion\dist\notify\_queue.pyd (2023-03-19 13:27:13)
Archivo modificado: D:\Programacion\Python\Notificacion\dist\notify\_socket.pyd (2023-03-19 13:27:13)
Archivo modificado: D:\Programacion\Python\Notificacion\dist\notify\_ssl.pyd (2023-03-19 13:27:13)
Carpeta modificada: D:\Programacion\Python\Notificacion\dist\notify\pywin32_system32 (2023-05-16 13:50:13)
Archivo modificado: D:\Programacion\Python\Notificacion\dist\notify\pywin32_system32\pywintypes37.dll (2023-03-19 14:49:46)
Archivo modificado: D:\Programacion\Python\Password Generator\clave.key (2023-04-01 19:32:16)
Archivo modificado: D:\Programacion\Python\Password Generator\Password.py (2023-04-05 19:39:47)
Archivo modificado: D:\Programacion\Python\Password Generator\Password2.py (2023-04-05 19:39:52)
Archivo modificado: D:\Programacion\Python\Registro\Readme.md (2023-05-10 22:33:48)
Archivo modificado: D:\Programacion\Python\Registro\registro.log (2023-04-26 23:16:02)
Archivo modificado: D:\Programacion\Python\Registro\regitro.py (2023-04-27 15:12:55)
Archivo modificado: D:\Programacion\Python\Samba\enumeración.py (2023-03-25 23:13:22)
Archivo modificado: D:\Programacion\Python\Sandboxed\hash.txt (2023-04-26 21:42:52)
Archivo modificado: D:\Programacion\Python\Sandboxed\sandbox.py (2023-04-29 15:29:42)
Archivo modificado: D:\Programacion\Python\Sandboxed\setup.sh (2023-04-29 09:56:43)
Carpeta modificada: D:\Programacion\Python\Sandboxed\Resultados (2023-05-16 13:50:00)
Carpeta modificada: D:\Programacion\Python\Sandboxed\Resultados\PDF (2023-05-16 13:50:00)
Archivo modificado: D:\Programacion\Python\Separador\separador.py (2023-04-10 21:38:13)
Archivo modificado: D:\Programacion\Python\Separador\separador2.py (2023-05-14 23:11:32)
Archivo modificado: D:\Programacion\Python\Separador\USO.txt (2022-03-20 02:11:16)
Archivo modificado: D:\Programacion\Python\Shutdown\Leeme.txt (2023-02-25 20:33:13)
Archivo modificado: D:\Programacion\Python\Shutdown\shutdown.py (2023-02-26 12:48:51)
Archivo modificado: D:\Programacion\Python\Test Internet\test.py (2023-04-03 15:27:04)
Archivo modificado: D:\Programacion\Python\Ventana\ventana.py (2023-03-05 13:07:23)

